C51 COMPILER V9.60.7.0   NIXIE                                                             03/30/2026 23:00:07 PAGE 1   


C51 COMPILER V9.60.7.0, COMPILATION OF MODULE NIXIE
OBJECT MODULE PLACED IN .\Objects\Nixie.obj
COMPILER INVOKED BY: D:\Keil5\C51\BIN\C51.EXE Nixie.c OPTIMIZE(8,SPEED) BROWSE DEBUG OBJECTEXTEND PRINT(.\Listings\Nixie
                    -.lst) OBJECT(.\Objects\Nixie.obj)

line level    source

   1          #include <STC89C5xRC.H>
   2          
   3          //数码管位置
   4          void DisplaySelect(unsigned char Location)
   5          {
   6   1          switch(Location)
   7   1          {
   8   2              case 1: P24=1; P23=1; P22=1; break;
   9   2              case 2: P24=1; P23=1; P22=0; break;
  10   2              case 3: P24=1; P23=0; P22=1; break;
  11   2              case 4: P24=1; P23=0; P22=0; break;
  12   2              case 5: P24=0; P23=1; P22=1; break;
  13   2              case 6: P24=0; P23=1; P22=0; break;
  14   2              case 7: P24=0; P23=0; P22=1; break;
  15   2              case 8: P24=0; P23=0; P22=0; break;
  16   2          }
  17   1      }


MODULE INFORMATION:   STATIC OVERLAYABLE
   CODE SIZE        =     89    ----
   CONSTANT SIZE    =   ----    ----
   XDATA SIZE       =   ----    ----
   PDATA SIZE       =   ----    ----
   DATA SIZE        =   ----    ----
   IDATA SIZE       =   ----    ----
   BIT SIZE         =   ----    ----
END OF MODULE INFORMATION.


C51 COMPILATION COMPLETE.  0 WARNING(S),  0 ERROR(S)
