C51 COMPILER V9.60.7.0   TIMER1                                                            03/30/2026 23:00:07 PAGE 1   


C51 COMPILER V9.60.7.0, COMPILATION OF MODULE TIMER1
OBJECT MODULE PLACED IN .\Objects\Timer1.obj
COMPILER INVOKED BY: D:\Keil5\C51\BIN\C51.EXE Timer1.c OPTIMIZE(8,SPEED) BROWSE DEBUG OBJECTEXTEND PRINT(.\Listings\Time
                    -r1.lst) OBJECT(.\Objects\Timer1.obj)

line level    source

   1          #include <STC89C5xRC.H>
   2          
   3          /**
   4            * @brief  定时器1初始化，1毫秒@11.0592MHz
   5            * @param  无
   6            * @retval  无
   7            */
   8            
   9          void Timer1Init(void)
  10          {
  11   1          AUXR &= 0xBF;   //定时器时钟12T模式
  12   1          TMOD &= 0x0F;
  13   1          TMOD |= 0x10;   //定时器1模式1
  14   1      
  15   1          TL1 = 0x66;
  16   1          TH1 = 0xFC;
  17   1      
  18   1          TF1 = 0;  //清除定时器1溢出标志位
  19   1          ET1 = 1;
  20   1          TR1 = 1;  //定时器1开始计时
  21   1          EA  = 1;
  22   1      }


MODULE INFORMATION:   STATIC OVERLAYABLE
   CODE SIZE        =     24    ----
   CONSTANT SIZE    =   ----    ----
   XDATA SIZE       =   ----    ----
   PDATA SIZE       =   ----    ----
   DATA SIZE        =   ----    ----
   IDATA SIZE       =   ----    ----
   BIT SIZE         =   ----    ----
END OF MODULE INFORMATION.


C51 COMPILATION COMPLETE.  0 WARNING(S),  0 ERROR(S)
